[     180ms] ReferenceError: $ is not defined
    at https://f60host.com/google-workspace-reseller-usa.php:2126:1
[     303ms] TypeError: Cannot read properties of null (reading 'addEventListener')
    at https://f60host.com/app.js:24:14
[     376ms] TypeError: Cannot read properties of null (reading 'addEventListener')
    at https://f60host.com/js/template-scripts.js:381:13
[     455ms] TypeError: Cannot read properties of null (reading 'addEventListener')
    at https://f60host.com/js/calc.js:98:39
[     456ms] TypeError: Cannot read properties of null (reading 'addEventListener')
    at https://f60host.com/google-workspace-reseller-usa.php:2382:9
    at Array.forEach (<anonymous>)
    at https://f60host.com/google-workspace-reseller-usa.php:2381:29
[     457ms] Identifier 'navbar' has already been declared
[     548ms] TypeError: $(...).tooltip is not a function
    at HTMLDocument.<anonymous> (https://f60host.com/js/template-scripts.js:50:31)
    at i (https://f60host.com/js/jquery.min.js:2:27449)
    at Object.fireWith [as resolveWith] (https://f60host.com/js/jquery.min.js:2:28213)
    at n.ready (https://f60host.com/js/jquery.min.js:2:30006)
    at HTMLDocument.K (https://f60host.com/js/jquery.min.js:2:30368)
[    2022ms] TypeError: Cannot read properties of null (reading 'value')
    at calculateCost (https://f60host.com/js/calc.js:45:79)
[   19856ms] TypeError: Cannot read properties of null (reading 'offsetTop')
    at https://f60host.com/app.js:6:34
[   19871ms] TypeError: Cannot read properties of null (reading 'offsetTop')
    at https://f60host.com/app.js:6:34
[   19888ms] TypeError: Cannot read properties of null (reading 'offsetTop')
    at https://f60host.com/app.js:6:34
[   19905ms] TypeError: Cannot read properties of null (reading 'offsetTop')
    at https://f60host.com/app.js:6:34
[   19916ms] TypeError: Cannot read properties of null (reading 'offsetTop')
    at https://f60host.com/app.js:6:34
[   19938ms] TypeError: Cannot read properties of null (reading 'offsetTop')
    at https://f60host.com/app.js:6:34
[   19949ms] TypeError: Cannot read properties of null (reading 'offsetTop')
    at https://f60host.com/app.js:6:34
[   19972ms] TypeError: Cannot read properties of null (reading 'offsetTop')
    at https://f60host.com/app.js:6:34
[   19988ms] TypeError: Cannot read properties of null (reading 'offsetTop')
    at https://f60host.com/app.js:6:34
[   20000ms] TypeError: Cannot read properties of null (reading 'offsetTop')
    at https://f60host.com/app.js:6:34
[   20021ms] TypeError: Cannot read properties of null (reading 'offsetTop')
    at https://f60host.com/app.js:6:34
[   20039ms] TypeError: Cannot read properties of null (reading 'offsetTop')
    at https://f60host.com/app.js:6:34
[   20054ms] TypeError: Cannot read properties of null (reading 'offsetTop')
    at https://f60host.com/app.js:6:34
[   20071ms] TypeError: Cannot read properties of null (reading 'offsetTop')
    at https://f60host.com/app.js:6:34
[   20088ms] TypeError: Cannot read properties of null (reading 'offsetTop')
    at https://f60host.com/app.js:6:34
[   20104ms] TypeError: Cannot read properties of null (reading 'offsetTop')
    at https://f60host.com/app.js:6:34
[   20121ms] TypeError: Cannot read properties of null (reading 'offsetTop')
    at https://f60host.com/app.js:6:34
[   20139ms] TypeError: Cannot read properties of null (reading 'offsetTop')
    at https://f60host.com/app.js:6:34
[   20155ms] TypeError: Cannot read properties of null (reading 'offsetTop')
    at https://f60host.com/app.js:6:34
