[ 1055308ms] [ERROR] WebSocket connection to 'ws://localhost:3000/_next/webpack-hmr?id=AAnGdhhnU0hs_EH3OrWR3' failed:  @ http://localhost:3000/_next/static/chunks/node_modules_next_dist_client_17643121._.js:10878
[ 1103034ms] [ERROR] Failed to load resource: the server responded with a status of 404 (Not Found) @ http://localhost:3000/admin/agents/cmm7uh74h0000lbciesmyfe3e:0
[ 1103262ms] [WARNING] Image with src "/images/logo.png" has either width or height modified, but not the other. If you use CSS to change the size of your image, also include the styles 'width: "auto"' or 'height: "auto"' to maintain the aspect ratio. @ http://localhost:3000/_next/static/chunks/node_modules_next_dist_f3530cac._.js:2297
[ 1110479ms] [WARNING] Detected `scroll-behavior: smooth` on the `<html>` element. To disable smooth scrolling during route transitions, add `data-scroll-behavior="smooth"` to your <html> element. Learn more: https://nextjs.org/docs/messages/missing-data-scroll-behavior @ http://localhost:3000/_next/static/chunks/node_modules_next_dist_f3530cac._.js:2297
[ 1264921ms] [ERROR] WebSocket connection to 'ws://localhost:3000/_next/webpack-hmr?id=7X38kqzUyBbCnMingZ7tp' failed: Error in connection establishment: net::ERR_CONNECTION_REFUSED @ http://localhost:3000/_next/static/chunks/node_modules_next_dist_client_17643121._.js:10878
[ 1265923ms] [ERROR] WebSocket connection to 'ws://localhost:3000/_next/webpack-hmr?id=7X38kqzUyBbCnMingZ7tp' failed: Error in connection establishment: net::ERR_CONNECTION_REFUSED @ http://localhost:3000/_next/static/chunks/node_modules_next_dist_client_17643121._.js:10878
[ 1266925ms] [ERROR] WebSocket connection to 'ws://localhost:3000/_next/webpack-hmr?id=7X38kqzUyBbCnMingZ7tp' failed: Error in connection establishment: net::ERR_CONNECTION_REFUSED @ http://localhost:3000/_next/static/chunks/node_modules_next_dist_client_17643121._.js:10878
[ 1267928ms] [ERROR] WebSocket connection to 'ws://localhost:3000/_next/webpack-hmr?id=7X38kqzUyBbCnMingZ7tp' failed: Error in connection establishment: net::ERR_CONNECTION_REFUSED @ http://localhost:3000/_next/static/chunks/node_modules_next_dist_client_17643121._.js:10878
[ 1268930ms] [ERROR] WebSocket connection to 'ws://localhost:3000/_next/webpack-hmr?id=7X38kqzUyBbCnMingZ7tp' failed: Error in connection establishment: net::ERR_CONNECTION_REFUSED @ http://localhost:3000/_next/static/chunks/node_modules_next_dist_client_17643121._.js:10878
[ 1273933ms] [ERROR] WebSocket connection to 'ws://localhost:3000/_next/webpack-hmr?id=7X38kqzUyBbCnMingZ7tp' failed: Error in connection establishment: net::ERR_CONNECTION_REFUSED @ http://localhost:3000/_next/static/chunks/node_modules_next_dist_client_17643121._.js:10878
[ 1278935ms] [ERROR] WebSocket connection to 'ws://localhost:3000/_next/webpack-hmr?id=7X38kqzUyBbCnMingZ7tp' failed: Error in connection establishment: net::ERR_CONNECTION_REFUSED @ http://localhost:3000/_next/static/chunks/node_modules_next_dist_client_17643121._.js:10878
[ 1283938ms] [ERROR] WebSocket connection to 'ws://localhost:3000/_next/webpack-hmr?id=7X38kqzUyBbCnMingZ7tp' failed: Error in connection establishment: net::ERR_CONNECTION_REFUSED @ http://localhost:3000/_next/static/chunks/node_modules_next_dist_client_17643121._.js:10878
[ 1288941ms] [ERROR] WebSocket connection to 'ws://localhost:3000/_next/webpack-hmr?id=7X38kqzUyBbCnMingZ7tp' failed: Error in connection establishment: net::ERR_CONNECTION_REFUSED @ http://localhost:3000/_next/static/chunks/node_modules_next_dist_client_17643121._.js:10878
[ 1570822ms] [ERROR] WebSocket connection to 'ws://localhost:3000/_next/webpack-hmr?id=bgdYfWfwy39SWE8pIldii' failed: Error in connection establishment: net::ERR_CONNECTION_REFUSED @ http://localhost:3000/_next/static/chunks/node_modules_next_dist_client_17643121._.js:10878
[ 1571825ms] [ERROR] WebSocket connection to 'ws://localhost:3000/_next/webpack-hmr?id=bgdYfWfwy39SWE8pIldii' failed: Error in connection establishment: net::ERR_CONNECTION_REFUSED @ http://localhost:3000/_next/static/chunks/node_modules_next_dist_client_17643121._.js:10878
[ 1572827ms] [ERROR] WebSocket connection to 'ws://localhost:3000/_next/webpack-hmr?id=bgdYfWfwy39SWE8pIldii' failed: Error in connection establishment: net::ERR_CONNECTION_REFUSED @ http://localhost:3000/_next/static/chunks/node_modules_next_dist_client_17643121._.js:10878
[ 1573829ms] [ERROR] WebSocket connection to 'ws://localhost:3000/_next/webpack-hmr?id=bgdYfWfwy39SWE8pIldii' failed: Error in connection establishment: net::ERR_CONNECTION_REFUSED @ http://localhost:3000/_next/static/chunks/node_modules_next_dist_client_17643121._.js:10878
[ 1574833ms] [ERROR] WebSocket connection to 'ws://localhost:3000/_next/webpack-hmr?id=bgdYfWfwy39SWE8pIldii' failed: Error in connection establishment: net::ERR_CONNECTION_REFUSED @ http://localhost:3000/_next/static/chunks/node_modules_next_dist_client_17643121._.js:10878
[ 1579838ms] [ERROR] WebSocket connection to 'ws://localhost:3000/_next/webpack-hmr?id=bgdYfWfwy39SWE8pIldii' failed: Error in connection establishment: net::ERR_CONNECTION_REFUSED @ http://localhost:3000/_next/static/chunks/node_modules_next_dist_client_17643121._.js:10878
[ 1584848ms] [ERROR] WebSocket connection to 'ws://localhost:3000/_next/webpack-hmr?id=bgdYfWfwy39SWE8pIldii' failed: Error in connection establishment: net::ERR_CONNECTION_REFUSED @ http://localhost:3000/_next/static/chunks/node_modules_next_dist_client_17643121._.js:10878
[ 1589862ms] [ERROR] WebSocket connection to 'ws://localhost:3000/_next/webpack-hmr?id=bgdYfWfwy39SWE8pIldii' failed: Error in connection establishment: net::ERR_CONNECTION_REFUSED @ http://localhost:3000/_next/static/chunks/node_modules_next_dist_client_17643121._.js:10878
[ 1594900ms] [ERROR] WebSocket connection to 'ws://localhost:3000/_next/webpack-hmr?id=bgdYfWfwy39SWE8pIldii' failed: Error in connection establishment: net::ERR_CONNECTION_REFUSED @ http://localhost:3000/_next/static/chunks/node_modules_next_dist_client_17643121._.js:10878
[ 1599962ms] [ERROR] WebSocket connection to 'ws://localhost:3000/_next/webpack-hmr?id=bgdYfWfwy39SWE8pIldii' failed: Error in connection establishment: net::ERR_CONNECTION_REFUSED @ http://localhost:3000/_next/static/chunks/node_modules_next_dist_client_17643121._.js:10878
[ 1605038ms] [ERROR] WebSocket connection to 'ws://localhost:3000/_next/webpack-hmr?id=bgdYfWfwy39SWE8pIldii' failed: Error in connection establishment: net::ERR_CONNECTION_REFUSED @ http://localhost:3000/_next/static/chunks/node_modules_next_dist_client_17643121._.js:10878
[ 1610275ms] [ERROR] WebSocket connection to 'ws://localhost:3000/_next/webpack-hmr?id=bgdYfWfwy39SWE8pIldii' failed: Error in connection establishment: net::ERR_CONNECTION_REFUSED @ http://localhost:3000/_next/static/chunks/node_modules_next_dist_client_17643121._.js:10878
[50268714ms] [ERROR] WebSocket connection to 'ws://localhost:3000/_next/webpack-hmr?id=_e-Cp1cHrywzgkcZxbEeM' failed: Error in connection establishment: net::ERR_CONNECTION_REFUSED @ http://localhost:3000/_next/static/chunks/node_modules_next_dist_client_17643121._.js:10878
[50269717ms] [ERROR] WebSocket connection to 'ws://localhost:3000/_next/webpack-hmr?id=_e-Cp1cHrywzgkcZxbEeM' failed: Error in connection establishment: net::ERR_CONNECTION_REFUSED @ http://localhost:3000/_next/static/chunks/node_modules_next_dist_client_17643121._.js:10878
[50270719ms] [ERROR] WebSocket connection to 'ws://localhost:3000/_next/webpack-hmr?id=_e-Cp1cHrywzgkcZxbEeM' failed: Error in connection establishment: net::ERR_CONNECTION_REFUSED @ http://localhost:3000/_next/static/chunks/node_modules_next_dist_client_17643121._.js:10878
[50271721ms] [ERROR] WebSocket connection to 'ws://localhost:3000/_next/webpack-hmr?id=_e-Cp1cHrywzgkcZxbEeM' failed: Error in connection establishment: net::ERR_CONNECTION_REFUSED @ http://localhost:3000/_next/static/chunks/node_modules_next_dist_client_17643121._.js:10878
[50272724ms] [ERROR] WebSocket connection to 'ws://localhost:3000/_next/webpack-hmr?id=_e-Cp1cHrywzgkcZxbEeM' failed: Error in connection establishment: net::ERR_CONNECTION_REFUSED @ http://localhost:3000/_next/static/chunks/node_modules_next_dist_client_17643121._.js:10878
[50277730ms] [ERROR] WebSocket connection to 'ws://localhost:3000/_next/webpack-hmr?id=_e-Cp1cHrywzgkcZxbEeM' failed: Error in connection establishment: net::ERR_CONNECTION_REFUSED @ http://localhost:3000/_next/static/chunks/node_modules_next_dist_client_17643121._.js:10878
[50282736ms] [ERROR] WebSocket connection to 'ws://localhost:3000/_next/webpack-hmr?id=_e-Cp1cHrywzgkcZxbEeM' failed: Error in connection establishment: net::ERR_CONNECTION_REFUSED @ http://localhost:3000/_next/static/chunks/node_modules_next_dist_client_17643121._.js:10878
[50287753ms] [ERROR] WebSocket connection to 'ws://localhost:3000/_next/webpack-hmr?id=_e-Cp1cHrywzgkcZxbEeM' failed: Error in connection establishment: net::ERR_CONNECTION_REFUSED @ http://localhost:3000/_next/static/chunks/node_modules_next_dist_client_17643121._.js:10878
[50292785ms] [ERROR] WebSocket connection to 'ws://localhost:3000/_next/webpack-hmr?id=_e-Cp1cHrywzgkcZxbEeM' failed: Error in connection establishment: net::ERR_CONNECTION_REFUSED @ http://localhost:3000/_next/static/chunks/node_modules_next_dist_client_17643121._.js:10878
[50297817ms] [ERROR] WebSocket connection to 'ws://localhost:3000/_next/webpack-hmr?id=_e-Cp1cHrywzgkcZxbEeM' failed: Error in connection establishment: net::ERR_CONNECTION_REFUSED @ http://localhost:3000/_next/static/chunks/node_modules_next_dist_client_17643121._.js:10878
[50302966ms] [ERROR] WebSocket connection to 'ws://localhost:3000/_next/webpack-hmr?id=_e-Cp1cHrywzgkcZxbEeM' failed: Error in connection establishment: net::ERR_CONNECTION_REFUSED @ http://localhost:3000/_next/static/chunks/node_modules_next_dist_client_17643121._.js:10878
[50308045ms] [ERROR] WebSocket connection to 'ws://localhost:3000/_next/webpack-hmr?id=_e-Cp1cHrywzgkcZxbEeM' failed: Error in connection establishment: net::ERR_CONNECTION_REFUSED @ http://localhost:3000/_next/static/chunks/node_modules_next_dist_client_17643121._.js:10878
