[     265ms] [WARNING] <link rel=preload> must have a valid `as` value @ https://www.resellerclub.com/google-workspace:238
[     269ms] [WARNING] <link rel=preload> must have a valid `as` value @ https://www.resellerclub.com/google-workspace:244
[     820ms] [WARNING] jQuery.Deferred exception: Cannot read properties of undefined (reading 'toUpperCase') TypeError: Cannot read properties of undefined (reading 'toUpperCase')
    at https://www.resellerclub.com/google-workspace:5529:32
    at Array.map (<anonymous>)
    at buildProductPlanDataToPush (https://www.resellerclub.com/google-workspace:5519:49)
    at pushProductData (https://www.resellerclub.com/google-workspace:5473:30)
    at HTMLDocument.<anonymous> (https://www.resellerclub.com/google-workspace:5385:2)
    at c (https://www.resellerclub.com/front/js/build.js?id=74e8d60877b39551eb2f21d05a0f3451:1:31892)
    at u (https://www.resellerclub.com/front/js/build.js?id=74e8d60877b39551eb2f21d05a0f3451:1:32194) undefined @ https://www.resellerclub.com/front/js/build.js?id=74e8d60877b39551eb2f21d05a0f3451:0
[     841ms] TypeError: Cannot read properties of undefined (reading 'toUpperCase')
    at https://www.resellerclub.com/google-workspace:5529:32
    at Array.map (<anonymous>)
    at buildProductPlanDataToPush (https://www.resellerclub.com/google-workspace:5519:49)
    at pushProductData (https://www.resellerclub.com/google-workspace:5473:30)
    at HTMLDocument.<anonymous> (https://www.resellerclub.com/google-workspace:5385:2)
    at c (https://www.resellerclub.com/front/js/build.js?id=74e8d60877b39551eb2f21d05a0f3451:1:31892)
    at u (https://www.resellerclub.com/front/js/build.js?id=74e8d60877b39551eb2f21d05a0f3451:1:32194)
[     842ms] Uncaught [object Object]
    at error (https://www.googletagmanager.com/gtm.js?id=GTM-NDLTZKT:211:503)
    at c.l.onerror (https://www.googletagmanager.com/gtm.js?id=GTM-NDLTZKT:220:160)
[    1393ms] Uncaught TypeError: Cannot read properties of undefined (reading 'TenantFeatures')
    at <anonymous> (https://cdn.cookielaw.org/scripttemplates/202502.1.0/otBannerSdk.js:6:480383)
    at <anonymous> (https://cdn.cookielaw.org/scripttemplates/202502.1.0/otBannerSdk.js:6:488517)
[    2319ms] [ERROR] Unrecognized event name: undefined @ https://endurance.my.site.com/ESWWebIntlWSESalesMes1724656982551/assets/js/sitecontext.min.js:2
[    5117ms] [ERROR] Unrecognized event name: undefined @ https://endurance.my.site.com/ESWWebIntlWSESalesMes1724656982551/assets/js/sitecontext.min.js:2
[    5117ms] [ERROR] Unrecognized event name: undefined @ https://endurance.my.site.com/ESWWebIntlWSESalesMes1724656982551/assets/js/sitecontext.min.js:2
[    5117ms] [ERROR] Unrecognized event name: undefined @ https://endurance.my.site.com/ESWWebIntlWSESalesMes1724656982551/assets/js/sitecontext.min.js:2
[    5931ms] [WARNING] The resource https://endurance.my.site.com/ESWWebIntlWSESalesMes1724656982551/webruntime/framework/f005680334/prod/lwr_loader was preloaded using link preload but not used within a few seconds from the window's load event. Please make sure it has an appropriate `as` value and it is preloaded intentionally. @ https://endurance.my.site.com/ESWWebIntlWSESalesMes1724656982551/assets/htdocs/sitecontext.min.html?parent_domain=https%3A%2F%2Fwww.resellerclub.com:0
[    5931ms] [WARNING] The resource https://endurance.my.site.com/ESWWebIntlWSESalesMes1724656982551/webruntime/framework/a4b2fdf4d8/prod/lwr_app was preloaded using link preload but not used within a few seconds from the window's load event. Please make sure it has an appropriate `as` value and it is preloaded intentionally. @ https://endurance.my.site.com/ESWWebIntlWSESalesMes1724656982551/assets/htdocs/sitecontext.min.html?parent_domain=https%3A%2F%2Fwww.resellerclub.com:0
[    5931ms] [WARNING] The resource https://endurance.my.site.com/ESWWebIntlWSESalesMes1724656982551/assets/styles/embedded-messaging-styling.min.css?791bca3cc8 was preloaded using link preload but not used within a few seconds from the window's load event. Please make sure it has an appropriate `as` value and it is preloaded intentionally. @ https://endurance.my.site.com/ESWWebIntlWSESalesMes1724656982551/assets/htdocs/sitecontext.min.html?parent_domain=https%3A%2F%2Fwww.resellerclub.com:0
[    5931ms] [WARNING] The resource https://endurance.my.site.com/ESWWebIntlWSESalesMes1724656982551/webruntime/framework/868578dbfa/prod/lwr_lwc was preloaded using link preload but not used within a few seconds from the window's load event. Please make sure it has an appropriate `as` value and it is preloaded intentionally. @ https://endurance.my.site.com/ESWWebIntlWSESalesMes1724656982551/assets/htdocs/sitecontext.min.html?parent_domain=https%3A%2F%2Fwww.resellerclub.com:0
[    5931ms] [WARNING] The resource https://endurance.my.site.com/ESWWebIntlWSESalesMes1724656982551/webruntime/framework/36604ed22b/prod/lwr_app_bootstrap_hook was preloaded using link preload but not used within a few seconds from the window's load event. Please make sure it has an appropriate `as` value and it is preloaded intentionally. @ https://endurance.my.site.com/ESWWebIntlWSESalesMes1724656982551/assets/htdocs/sitecontext.min.html?parent_domain=https%3A%2F%2Fwww.resellerclub.com:0
[    5931ms] [WARNING] The resource https://endurance.my.site.com/ESWWebIntlWSESalesMes1724656982551/webruntime/component/da6467b90bc1eda0c5728f07f2d9928c/prod/en-US/force/luvioRuntimeWebruntime_cmp was preloaded using link preload but not used within a few seconds from the window's load event. Please make sure it has an appropriate `as` value and it is preloaded intentionally. @ https://endurance.my.site.com/ESWWebIntlWSESalesMes1724656982551/assets/htdocs/sitecontext.min.html?parent_domain=https%3A%2F%2Fwww.resellerclub.com:0
[    5931ms] [WARNING] The resource https://endurance.my.site.com/ESWWebIntlWSESalesMes1724656982551/webruntime/view/b984ec91522afdce3d0228729a2ec0f2/prod/en-US/frame_view was preloaded using link preload but not used within a few seconds from the window's load event. Please make sure it has an appropriate `as` value and it is preloaded intentionally. @ https://endurance.my.site.com/ESWWebIntlWSESalesMes1724656982551/assets/htdocs/sitecontext.min.html?parent_domain=https%3A%2F%2Fwww.resellerclub.com:0
[    5931ms] [WARNING] The resource https://endurance.my.site.com/ESWWebIntlWSESalesMes1724656982551/webruntime/component/259a789b5905e4a3e65c0942cc97421d/prod/en-US/force/luvioLwcBindings_cmp was preloaded using link preload but not used within a few seconds from the window's load event. Please make sure it has an appropriate `as` value and it is preloaded intentionally. @ https://endurance.my.site.com/ESWWebIntlWSESalesMes1724656982551/assets/htdocs/sitecontext.min.html?parent_domain=https%3A%2F%2Fwww.resellerclub.com:0
[    5931ms] [WARNING] The resource https://endurance.my.site.com/ESWWebIntlWSESalesMes1724656982551/webruntime/framework/dfccb20291/prod/lwr_bootstrap was preloaded using link preload but not used within a few seconds from the window's load event. Please make sure it has an appropriate `as` value and it is preloaded intentionally. @ https://endurance.my.site.com/ESWWebIntlWSESalesMes1724656982551/assets/htdocs/sitecontext.min.html?parent_domain=https%3A%2F%2Fwww.resellerclub.com:0
[    5931ms] [WARNING] The resource https://endurance.my.site.com/ESWWebIntlWSESalesMes1724656982551/assets/styles/salesforce-lightning-design-system.min.css?791bca3cc8 was preloaded using link preload but not used within a few seconds from the window's load event. Please make sure it has an appropriate `as` value and it is preloaded intentionally. @ https://endurance.my.site.com/ESWWebIntlWSESalesMes1724656982551/assets/htdocs/sitecontext.min.html?parent_domain=https%3A%2F%2Fwww.resellerclub.com:0
[    5931ms] [WARNING] The resource https://endurance.my.site.com/ESWWebIntlWSESalesMes1724656982551/webruntime/view/d5ee40bf1ad3784965132af804288b4e/prod/en-US/home_view was preloaded using link preload but not used within a few seconds from the window's load event. Please make sure it has an appropriate `as` value and it is preloaded intentionally. @ https://endurance.my.site.com/ESWWebIntlWSESalesMes1724656982551/assets/htdocs/sitecontext.min.html?parent_domain=https%3A%2F%2Fwww.resellerclub.com:0
